verilog/v_hier_subprim.v:008: KEYWORD 'primitive'
verilog/v_hier_subprim.v:008: SYMBOL 'v_hier_prim'
verilog/v_hier_subprim.v:008: OPERATOR '('
verilog/v_hier_subprim.v:010: SYMBOL 'q'
verilog/v_hier_subprim.v:010: OPERATOR ','
verilog/v_hier_subprim.v:012: SYMBOL 'a'
verilog/v_hier_subprim.v:013: OPERATOR ')'
verilog/v_hier_subprim.v:013: OPERATOR ';'
verilog/v_hier_subprim.v:014: KEYWORD 'output'
verilog/v_hier_subprim.v:014: SYMBOL 'q'
verilog/v_hier_subprim.v:014: OPERATOR ';'
verilog/v_hier_subprim.v:015: KEYWORD 'input'
verilog/v_hier_subprim.v:015: SYMBOL 'a'
verilog/v_hier_subprim.v:015: OPERATOR ';'
verilog/v_hier_subprim.v:017: KEYWORD 'table'
verilog/v_hier_subprim.v:018: NUMBER '0'
verilog/v_hier_subprim.v:018: OPERATOR ':'
verilog/v_hier_subprim.v:018: NUMBER '1'
verilog/v_hier_subprim.v:018: OPERATOR ';'
verilog/v_hier_subprim.v:019: NUMBER '1'
verilog/v_hier_subprim.v:019: OPERATOR ':'
verilog/v_hier_subprim.v:019: NUMBER '0'
verilog/v_hier_subprim.v:019: OPERATOR ';'
verilog/v_hier_subprim.v:020: KEYWORD 'endtable'
verilog/v_hier_subprim.v:022: KEYWORD 'endprimitive'
verilog/v_hier_sub.v:006: KEYWORD 'module'
verilog/v_hier_sub.v:006: SYMBOL 'v_hier_sub'
verilog/v_hier_sub.v:006: OPERATOR '('
verilog/v_hier_sub.v:007: KEYWORD 'input'
verilog/v_hier_sub.v:007: SYMBOL 'clk'
verilog/v_hier_sub.v:007: OPERATOR ','
verilog/v_hier_sub.v:008: KEYWORD 'input'
verilog/v_hier_sub.v:008: OPERATOR '['
verilog/v_hier_sub.v:008: NUMBER '3'
verilog/v_hier_sub.v:008: OPERATOR ':'
verilog/v_hier_sub.v:008: NUMBER '0'
verilog/v_hier_sub.v:008: OPERATOR ']'
verilog/v_hier_sub.v:008: SYMBOL 'avec'
verilog/v_hier_sub.v:008: OPERATOR ','
verilog/v_hier_sub.v:009: KEYWORD 'output'
verilog/v_hier_sub.v:009: OPERATOR '['
verilog/v_hier_sub.v:009: NUMBER '3'
verilog/v_hier_sub.v:009: OPERATOR ':'
verilog/v_hier_sub.v:009: NUMBER '0'
verilog/v_hier_sub.v:009: OPERATOR ']'
verilog/v_hier_sub.v:009: SYMBOL 'qvec'
verilog/v_hier_sub.v:010: OPERATOR ')'
verilog/v_hier_sub.v:010: OPERATOR ';'
verilog/v_hier_sub.v:012: KEYWORD 'supply1'
verilog/v_hier_sub.v:012: SYMBOL 'a1'
verilog/v_hier_sub.v:012: OPERATOR ';'
verilog/v_hier_sub.v:014: SYMBOL 'v_hier_subsub'
verilog/v_hier_sub.v:014: OPERATOR '#'
verilog/v_hier_sub.v:014: OPERATOR '('
verilog/v_hier_sub.v:015: OPERATOR '.'
verilog/v_hier_sub.v:015: SYMBOL 'IGNORED'
verilog/v_hier_sub.v:015: OPERATOR '('
verilog/v_hier_sub.v:015: NUMBER ''sh20'
verilog/v_hier_sub.v:015: OPERATOR ')'
verilog/v_hier_sub.v:016: OPERATOR ')'
verilog/v_hier_sub.v:017: SYMBOL 'subsub0'
verilog/v_hier_sub.v:017: OPERATOR '('
verilog/v_hier_sub.v:019: OPERATOR '.'
verilog/v_hier_sub.v:019: SYMBOL 'q'
verilog/v_hier_sub.v:019: OPERATOR '('
verilog/v_hier_sub.v:019: SYMBOL 'qvec'
verilog/v_hier_sub.v:019: OPERATOR '['
verilog/v_hier_sub.v:019: NUMBER '0'
verilog/v_hier_sub.v:019: OPERATOR ']'
verilog/v_hier_sub.v:019: OPERATOR ')'
verilog/v_hier_sub.v:019: OPERATOR ','
verilog/v_hier_sub.v:021: OPERATOR '.'
verilog/v_hier_sub.v:021: SYMBOL 'a'
verilog/v_hier_sub.v:021: OPERATOR '('
verilog/v_hier_sub.v:021: SYMBOL 'a1'
verilog/v_hier_sub.v:021: OPERATOR ')'
verilog/v_hier_sub.v:021: OPERATOR ')'
verilog/v_hier_sub.v:021: OPERATOR ';'
verilog/v_hier_sub.v:024: KEYWORD 'generate'
verilog/v_hier_sub.v:025: KEYWORD 'genvar'
verilog/v_hier_sub.v:025: SYMBOL 'K'
verilog/v_hier_sub.v:025: OPERATOR ';'
verilog/v_hier_sub.v:026: KEYWORD 'for'
verilog/v_hier_sub.v:026: OPERATOR '('
verilog/v_hier_sub.v:026: SYMBOL 'K'
verilog/v_hier_sub.v:026: OPERATOR '='
verilog/v_hier_sub.v:026: NUMBER '0'
verilog/v_hier_sub.v:026: OPERATOR ';'
verilog/v_hier_sub.v:026: SYMBOL 'K'
verilog/v_hier_sub.v:026: OPERATOR '<'
verilog/v_hier_sub.v:026: NUMBER '1'
verilog/v_hier_sub.v:026: OPERATOR ';'
verilog/v_hier_sub.v:026: SYMBOL 'K'
verilog/v_hier_sub.v:026: OPERATOR '='
verilog/v_hier_sub.v:026: SYMBOL 'K'
verilog/v_hier_sub.v:026: OPERATOR '+'
verilog/v_hier_sub.v:026: NUMBER '1'
verilog/v_hier_sub.v:026: OPERATOR ')'
verilog/v_hier_sub.v:026: KEYWORD 'begin'
verilog/v_hier_sub.v:026: OPERATOR ':'
verilog/v_hier_sub.v:026: SYMBOL 'genloop'
verilog/v_hier_sub.v:028: SYMBOL 'v_hier_subsub'
verilog/v_hier_sub.v:028: SYMBOL 'subsub2'
verilog/v_hier_sub.v:028: OPERATOR '('
verilog/v_hier_sub.v:028: SYMBOL 'qvec'
verilog/v_hier_sub.v:028: OPERATOR '['
verilog/v_hier_sub.v:028: NUMBER '2'
verilog/v_hier_sub.v:028: OPERATOR ']'
verilog/v_hier_sub.v:028: OPERATOR ','
verilog/v_hier_sub.v:028: NUMBER '1'b0'
verilog/v_hier_sub.v:028: OPERATOR ')'
verilog/v_hier_sub.v:028: OPERATOR ';'
verilog/v_hier_sub.v:029: KEYWORD 'end'
verilog/v_hier_sub.v:030: KEYWORD 'endgenerate'
verilog/v_hier_sub.v:032: KEYWORD 'function'
verilog/v_hier_sub.v:032: SYMBOL 'foo'
verilog/v_hier_sub.v:032: OPERATOR ';'
verilog/v_hier_sub.v:033: KEYWORD 'input'
verilog/v_hier_sub.v:033: SYMBOL 'not_part_of_pinlist'
verilog/v_hier_sub.v:033: OPERATOR ';'
verilog/v_hier_sub.v:034: SYMBOL 'foo'
verilog/v_hier_sub.v:034: OPERATOR '='
verilog/v_hier_sub.v:034: SYMBOL 'not_part_of_pinlist'
verilog/v_hier_sub.v:034: OPERATOR ';'
verilog/v_hier_sub.v:035: KEYWORD 'endfunction'
verilog/v_hier_sub.v:037: KEYWORD 'endmodule'
